<?xml version="1.0" encoding="UTF-8"?>
<testsuite xmlns:xsi="http://www.w3.org/2001/XMLSchema-instance" xsi:schemaLocation="https://maven.apache.org/surefire/maven-surefire-plugin/xsd/surefire-test-report.xsd" name="TestSuite" time="188.86" tests="15" errors="0" skipped="0" failures="0">
  <properties>
[...]
</properties>
  <testcase name="test" classname="Wait.implicitWait" time="0.113"/>
  <testcase name="test" classname="Wait.waitForAlert" time="4.882"/>
  <testcase name="test" classname="Wait.waitForElement" time="9.223"/>
  <testcase name="test" classname="Wait.waitForElementInvisible" time="6.938"/>
  <testcase name="test" classname="Wait.waitForElementVisible" time="13.013"/>
  <testcase name="test" classname="Wait.waitForText" time="11.828"/>
  <testcase name="testmethodone" classname="com.sample.firstmavenproject.GoogleHomePageTest" time="0.027"/>
  <testcase name="testmethodone" classname="TestNGOnePack.ClassOne" time="0.037"/>
  <testcase name="testmethodone" classname="TestNGTwoPack.ClassTwo" time="1.79"/>
  <testcase name="testmethodone" classname="TestNGTwoPack.ClassTwo" time="2.083"/>
  <testcase name="testmethodone" classname="TestNGThreePack.ClassOne" time="0.009"/>
  <testcase name="testmethodone" classname="TestNGThreePack.ClassOne" time="0.007"/>
  <testcase name="testmethodone" classname="TestNGThreePack.ClassTwo" time="1.695"/>
  <testcase name="testmethodone" classname="TestNGThreePack.ClassTwo" time="1.603"/>
  <testcase name="testmethodone" classname="TestNGTwoPack.ClassOne" time="0.009"/>
</testsuite>