<?xml version="1.0" encoding="UTF-8"?>
<!-- Generated by org.testng.reporters.JUnitXMLReporter -->
<testsuite hostname="ermao-PC" ignored="12" name="Test five" tests="13" failures="0" timestamp="12 Oct 2018 02:40:12 GMT" time="173.119" errors="0">
  <testcase name="testmethodone" time="0.034" classname="com.sample.firstmavenproject.GoogleHomePageTest"/>
  <testcase name="testmethodone" time="0.007" classname="TestNGOnePack.ClassOne"/>
  <testcase name="testmethodone" time="1.635" classname="TestNGOnePack.ClassTwo"/>
  <testcase name="testmethodone" time="0.009" classname="TestNGThreePack.ClassOne"/>
  <testcase name="testmethodone" time="1.247" classname="TestNGThreePack.ClassTwo"/>
  <testcase name="testmethodone" time="0.01" classname="TestNGTwoPack.ClassOne"/>
  <testcase name="testmethodone" time="1.177" classname="TestNGTwoPack.ClassTwo"/>
  <testcase name="test" time="0.128" classname="Wait.implicitWait"/>
  <testcase name="test" time="6.418" classname="Wait.waitForAlert"/>
  <testcase name="test" time="6.23" classname="Wait.waitForElement"/>
  <testcase name="test" time="11.904" classname="Wait.waitForElementInvisible"/>
  <testcase name="test" time="11.946" classname="Wait.waitForElementVisible"/>
  <testcase name="test" time="9.063" classname="Wait.waitForText"/>
  <testcase name="@AfterSuite tearDown" time="0.0" classname="TestNGOnePack.BaseClassOne">
    <ignored/>
  </testcase> <!-- @AfterSuite tearDown -->
  <testcase name="@AfterSuite tearDown" time="0.0" classname="TestNGOnePack.BaseClassOne">
    <ignored/>
  </testcase> <!-- @AfterSuite tearDown -->
  <testcase name="@AfterSuite tearDown" time="0.0" classname="TestNGOnePack.BaseClassOne">
    <ignored/>
  </testcase> <!-- @AfterSuite tearDown -->
  <testcase name="@AfterSuite tearDown" time="0.0" classname="TestNGOnePack.BaseClassOne">
    <ignored/>
  </testcase> <!-- @AfterSuite tearDown -->
  <testcase name="@AfterSuite tearDown" time="0.0" classname="TestNGOnePack.BaseClassOne">
    <ignored/>
  </testcase> <!-- @AfterSuite tearDown -->
  <testcase name="@AfterSuite tearDown" time="0.0" classname="TestNGOnePack.BaseClassOne">
    <ignored/>
  </testcase> <!-- @AfterSuite tearDown -->
  <testcase name="@BeforeSuite setup" time="0.0" classname="TestNGOnePack.BaseClassOne">
    <ignored/>
  </testcase> <!-- @BeforeSuite setup -->
  <testcase name="@BeforeSuite setup" time="0.0" classname="TestNGOnePack.BaseClassOne">
    <ignored/>
  </testcase> <!-- @BeforeSuite setup -->
  <testcase name="@BeforeSuite setup" time="0.0" classname="TestNGOnePack.BaseClassOne">
    <ignored/>
  </testcase> <!-- @BeforeSuite setup -->
  <testcase name="@BeforeSuite setup" time="0.0" classname="TestNGOnePack.BaseClassOne">
    <ignored/>
  </testcase> <!-- @BeforeSuite setup -->
  <testcase name="@BeforeSuite setup" time="0.0" classname="TestNGOnePack.BaseClassOne">
    <ignored/>
  </testcase> <!-- @BeforeSuite setup -->
  <testcase name="@BeforeSuite setup" time="0.0" classname="TestNGOnePack.BaseClassOne">
    <ignored/>
  </testcase> <!-- @BeforeSuite setup -->
</testsuite> <!-- Test five -->
