<?xml version="1.0" encoding="UTF-8"?>
<!-- Generated by org.testng.reporters.JUnitXMLReporter -->
<testsuite hostname="ermao-PC" ignored="6" name="Including mutiple packages" tests="4" failures="0" timestamp="12 Oct 2018 02:52:48 GMT" time="2.751" errors="0">
  <testcase name="testmethodone" time="0.011" classname="TestNGTwoPack.ClassOne"/>
  <testcase name="testmethodone" time="0.008" classname="TestNGThreePack.ClassOne"/>
  <testcase name="testmethodone" time="1.467" classname="TestNGTwoPack.ClassTwo"/>
  <testcase name="testmethodone" time="1.261" classname="TestNGThreePack.ClassTwo"/>
  <testcase name="@AfterSuite tearDown" time="0.0" classname="TestNGOnePack.BaseClassOne">
    <ignored/>
  </testcase> <!-- @AfterSuite tearDown -->
  <testcase name="@AfterSuite tearDown" time="0.0" classname="TestNGOnePack.BaseClassOne">
    <ignored/>
  </testcase> <!-- @AfterSuite tearDown -->
  <testcase name="@AfterSuite tearDown" time="0.0" classname="TestNGOnePack.BaseClassOne">
    <ignored/>
  </testcase> <!-- @AfterSuite tearDown -->
  <testcase name="@BeforeSuite setup" time="0.0" classname="TestNGOnePack.BaseClassOne">
    <ignored/>
  </testcase> <!-- @BeforeSuite setup -->
  <testcase name="@BeforeSuite setup" time="0.0" classname="TestNGOnePack.BaseClassOne">
    <ignored/>
  </testcase> <!-- @BeforeSuite setup -->
  <testcase name="@BeforeSuite setup" time="0.0" classname="TestNGOnePack.BaseClassOne">
    <ignored/>
  </testcase> <!-- @BeforeSuite setup -->
</testsuite> <!-- Including mutiple packages -->
