<?xml version="1.0" encoding="UTF-8"?>
<!-- Generated by org.testng.reporters.JUnitXMLReporter -->
<testsuite hostname="ermao-PC" ignored="0" name="Simple Test" tests="6" failures="0" timestamp="12 Oct 2018 03:57:55 GMT" time="150.35" errors="0">
  <testcase name="test" time="0.111" classname="Wait.implicitWait"/>
  <testcase name="test" time="4.882" classname="Wait.waitForAlert"/>
  <testcase name="test" time="9.223" classname="Wait.waitForElement"/>
  <testcase name="test" time="6.938" classname="Wait.waitForElementInvisible"/>
  <testcase name="test" time="13.013" classname="Wait.waitForElementVisible"/>
  <testcase name="test" time="11.828" classname="Wait.waitForText"/>
</testsuite> <!-- Simple Test -->
