<?xml version="1.0" encoding="UTF-8"?>
<!-- Generated by org.testng.reporters.JUnitXMLReporter -->
<testsuite hostname="ermao-PC" ignored="6" name="to mutiple class from mutiple package" tests="4" failures="0" timestamp="12 Oct 2018 02:52:45 GMT" time="3.252" errors="0">
  <testcase name="testmethodone" time="0.011" classname="TestNGOnePack.ClassOne"/>
  <testcase name="testmethodone" time="1.547" classname="TestNGTwoPack.ClassTwo"/>
  <testcase name="testmethodone" time="0.008" classname="TestNGThreePack.ClassOne"/>
  <testcase name="testmethodone" time="1.648" classname="TestNGThreePack.ClassTwo"/>
  <testcase name="@AfterSuite tearDown" time="0.0" classname="TestNGOnePack.BaseClassOne">
    <ignored/>
  </testcase> <!-- @AfterSuite tearDown -->
  <testcase name="@AfterSuite tearDown" time="0.0" classname="TestNGOnePack.BaseClassOne">
    <ignored/>
  </testcase> <!-- @AfterSuite tearDown -->
  <testcase name="@AfterSuite tearDown" time="0.0" classname="TestNGOnePack.BaseClassOne">
    <ignored/>
  </testcase> <!-- @AfterSuite tearDown -->
  <testcase name="@BeforeSuite setup" time="0.0" classname="TestNGOnePack.BaseClassOne">
    <ignored/>
  </testcase> <!-- @BeforeSuite setup -->
  <testcase name="@BeforeSuite setup" time="0.0" classname="TestNGOnePack.BaseClassOne">
    <ignored/>
  </testcase> <!-- @BeforeSuite setup -->
  <testcase name="@BeforeSuite setup" time="0.0" classname="TestNGOnePack.BaseClassOne">
    <ignored/>
  </testcase> <!-- @BeforeSuite setup -->
</testsuite> <!-- to mutiple class from mutiple package -->
