<?xml version="1.0" encoding="UTF-8"?>
<testng-results skipped="0" failed="0" ignored="0" total="1" passed="1">
  <reporter-output>
  </reporter-output>
  <suite name="Example test run" duration-ms="15259" started-at="2018-10-15T20:04:27Z" finished-at="2018-10-15T20:04:42Z">
    <groups>
    </groups>
    <test name="Simple Test" duration-ms="15259" started-at="2018-10-15T20:04:27Z" finished-at="2018-10-15T20:04:42Z">
      <class name="com.sample.firstmavenproject.GoogleHomePageTest">
        <test-method status="PASS" signature="openbrowser()[pri:0, instance:com.sample.firstmavenproject.GoogleHomePageTest@5e5792a0]" name="openbrowser" is-config="true" duration-ms="14614" started-at="2018-10-15T20:04:27Z" finished-at="2018-10-15T20:04:42Z">
          <reporter-output>
          </reporter-output>
        </test-method> <!-- openbrowser -->
        <test-method status="PASS" signature="testmethodone()[pri:0, instance:com.sample.firstmavenproject.GoogleHomePageTest@5e5792a0]" name="testmethodone" duration-ms="33" started-at="2018-10-15T20:04:42Z" finished-at="2018-10-15T20:04:42Z">
          <reporter-output>
          </reporter-output>
        </test-method> <!-- testmethodone -->
        <test-method status="PASS" signature="closebrowser()[pri:0, instance:com.sample.firstmavenproject.GoogleHomePageTest@5e5792a0]" name="closebrowser" is-config="true" duration-ms="551" started-at="2018-10-15T20:04:42Z" finished-at="2018-10-15T20:04:42Z">
          <reporter-output>
          </reporter-output>
        </test-method> <!-- closebrowser -->
      </class> <!-- com.sample.firstmavenproject.GoogleHomePageTest -->
    </test> <!-- Simple Test -->
  </suite> <!-- Example test run -->
</testng-results>
